\BOOKMARK [0][-]{section*.1}{\376\377\000D\000e\000c\000l\000a\000r\000a\000t\000i\000o\000n\000\040\000o\000f\000\040\000A\000u\000t\000h\000o\000r\000s\000h\000i\000p}{}% 1
\BOOKMARK [0][-]{section*.2}{\376\377\000A\000b\000s\000t\000r\000a\000c\000t}{}% 2
\BOOKMARK [0][-]{section*.6}{\376\377\000A\000c\000k\000n\000o\000w\000l\000e\000d\000g\000e\000m\000e\000n\000t\000s}{}% 3
\BOOKMARK [0][-]{chapter.20}{\376\377\000I\000n\000t\000r\000o\000d\000u\000c\000t\000i\000o\000n}{}% 4
\BOOKMARK [1][-]{section.21}{\376\377\000B\000a\000c\000k\000g\000r\000o\000u\000n\000d}{chapter.20}% 5
\BOOKMARK [1][-]{section.22}{\376\377\000P\000r\000o\000b\000l\000e\000m\000\040\000S\000t\000a\000t\000e\000m\000e\000n\000t\000\040\000a\000n\000d\000\040\000R\000e\000s\000e\000a\000r\000c\000h\000\040\000Q\000u\000e\000s\000t\000i\000o\000n\000s}{chapter.20}% 6
\BOOKMARK [2][-]{subsection.23}{\376\377\000A\000\040\000\050\000n\000o\000t\000\040\000s\000o\000\040\000s\000h\000o\000r\000t\000\051\000\040\000I\000n\000t\000r\000o\000d\000u\000c\000t\000i\000o\000n\000\040\000t\000o\000\040\000L\000a\000T\000e\000X}{section.22}% 7
\BOOKMARK [1][-]{section.24}{\376\377\000S\000t\000r\000u\000c\000t\000u\000r\000e\000\040\000o\000f\000\040\000t\000h\000e\000\040\000T\000h\000e\000s\000i\000s}{chapter.20}% 8
\BOOKMARK [0][-]{chapter.25}{\376\377\000M\000e\000t\000h\000o\000d\000o\000l\000o\000g\000y}{}% 9
\BOOKMARK [1][-]{section.26}{\376\377\000L\000i\000t\000e\000r\000a\000t\000u\000r\000e\000\040\000R\000e\000v\000i\000e\000w}{chapter.25}% 10
\BOOKMARK [1][-]{section.27}{\376\377\000L\000e\000a\000r\000n\000i\000n\000g\000\040\000L\000a\000T\000e\000X}{chapter.25}% 11
\BOOKMARK [2][-]{subsection.28}{\376\377\000A\000\040\000\050\000n\000o\000t\000\040\000s\000o\000\040\000s\000h\000o\000r\000t\000\051\000\040\000I\000n\000t\000r\000o\000d\000u\000c\000t\000i\000o\000n\000\040\000t\000o\000\040\000L\000a\000T\000e\000X}{section.27}% 12
\BOOKMARK [2][-]{subsection.29}{\376\377\000A\000\040\000S\000h\000o\000r\000t\000\040\000M\000a\000t\000h\000\040\000G\000u\000i\000d\000e\000\040\000f\000o\000r\000\040\000L\000a\000T\000e\000X}{section.27}% 13
\BOOKMARK [2][-]{subsection.30}{\376\377\000C\000o\000m\000m\000o\000n\000\040\000L\000a\000T\000e\000X\000\040\000M\000a\000t\000h\000\040\000S\000y\000m\000b\000o\000l\000s}{section.27}% 14
\BOOKMARK [2][-]{subsection.31}{\376\377\000L\000a\000T\000e\000X\000\040\000o\000n\000\040\000a\000\040\000M\000a\000c}{section.27}% 15
\BOOKMARK [1][-]{section.32}{\376\377\000G\000e\000t\000t\000i\000n\000g\000\040\000S\000t\000a\000r\000t\000e\000d\000\040\000w\000i\000t\000h\000\040\000t\000h\000i\000s\000\040\000T\000e\000m\000p\000l\000a\000t\000e}{chapter.25}% 16
\BOOKMARK [0][-]{chapter.33}{\376\377\000M\000o\000b\000i\000l\000e\000\040\000A\000p\000p\000l\000i\000c\000a\000t\000i\000o\000n\000\040\000D\000e\000v\000e\000l\000o\000p\000m\000e\000n\000t}{}% 17
\BOOKMARK [1][-]{section.34}{\376\377\000M\000o\000b\000i\000l\000e\000\040\000P\000l\000a\000t\000f\000o\000r\000m\000s}{chapter.33}% 18
\BOOKMARK [2][-]{subsection.36}{\376\377\000A\000n\000d\000r\000o\000i\000d}{section.34}% 19
\BOOKMARK [2][-]{subsection.44}{\376\377\000i\000O\000S}{section.34}% 20
\BOOKMARK [2][-]{subsection.53}{\376\377\000W\000i\000n\000d\000o\000w\000s}{section.34}% 21
\BOOKMARK [2][-]{subsection.58}{\376\377\000T\000i\000z\000e\000n}{section.34}% 22
\BOOKMARK [1][-]{section.68}{\376\377\000\040\000M\000o\000b\000i\000l\000e\000\040\000A\000p\000p\000l\000i\000c\000a\000t\000i\000o\000n\000s}{chapter.33}% 23
\BOOKMARK [2][-]{subsection.71}{\376\377\000N\000a\000t\000i\000v\000e\000\040\000A\000p\000p\000l\000i\000c\000a\000t\000i\000o\000n\000s}{section.68}% 24
\BOOKMARK [2][-]{subsection.74}{\376\377\000M\000o\000b\000i\000l\000e\000\040\000W\000e\000b\000\040\000A\000p\000p\000s}{section.68}% 25
\BOOKMARK [2][-]{subsection.77}{\376\377\000H\000y\000b\000r\000i\000d\000\040\000M\000o\000b\000i\000l\000e\000\040\000A\000p\000p\000l\000i\000c\000a\000t\000i\000o\000n\000s}{section.68}% 26
\BOOKMARK [2][-]{subsection.82}{\376\377\000C\000o\000n\000c\000l\000u\000s\000i\000o\000n}{section.68}% 27
\BOOKMARK [1][-]{section.84}{\376\377\000C\000r\000o\000s\000s\000-\000P\000l\000a\000t\000f\000o\000r\000m\000\040\000D\000e\000v\000e\000l\000o\000p\000m\000e\000n\000t\000\040\000T\000o\000o\000l\000s}{chapter.33}% 28
\BOOKMARK [2][-]{subsection.85}{\376\377\000P\000h\000o\000n\000e\000G\000a\000p}{section.84}% 29
\BOOKMARK [2][-]{subsection.88}{\376\377\000T\000i\000t\000a\000n\000i\000u\000m}{section.84}% 30
\BOOKMARK [2][-]{subsection.91}{\376\377\000X\000a\000m\000a\000r\000i\000n}{section.84}% 31
\BOOKMARK [0][-]{chapter.95}{\376\377\000I\000n\000t\000r\000o\000d\000u\000c\000t\000i\000o\000n\000\040\000t\000o\000\040\000C\000r\000o\000s\000s\000-\000p\000l\000a\000t\000f\000o\000r\000m\000\040\000D\000e\000v\000e\000l\000o\000p\000m\000e\000n\000t\000\040\000w\000i\000t\000h\000\040\000X\000a\000m\000a\000r\000i\000n}{}% 32
\BOOKMARK [1][-]{section.96}{\376\377\000U\000n\000d\000e\000r\000s\000t\000a\000n\000d\000i\000n\000g\000\040\000t\000h\000e\000\040\000X\000a\000m\000a\000r\000i\000n\000\040\000M\000o\000b\000i\000l\000e\000\040\000P\000l\000a\000t\000f\000o\000r\000m}{chapter.95}% 33
\BOOKMARK [1][-]{section.97}{\376\377\000A\000r\000c\000h\000i\000t\000e\000c\000t\000u\000r\000e}{chapter.95}% 34
\BOOKMARK [1][-]{section.98}{\376\377\000S\000e\000t\000t\000i\000n\000g\000\040\000U\000p\000\040\000A\000\040\000X\000a\000m\000a\000r\000i\000n\000\040\000C\000r\000o\000s\000s\000\040\000P\000l\000a\000t\000f\000o\000r\000m\000\040\000S\000o\000l\000u\000t\000i\000o\000n}{chapter.95}% 35
\BOOKMARK [2][-]{subsection.99}{\376\377\000C\000o\000d\000e\000\040\000S\000h\000a\000r\000i\000n\000g\000\040\000O\000p\000t\000i\000o\000n\000s}{section.98}% 36
\BOOKMARK [2][-]{subsection.100}{\376\377\000P\000o\000r\000t\000a\000b\000l\000e\000\040\000C\000l\000a\000s\000s\000\040\000L\000i\000b\000r\000a\000r\000i\000e\000s}{section.98}% 37
\BOOKMARK [2][-]{subsection.101}{\376\377\000S\000h\000a\000r\000e\000d\000\040\000P\000r\000o\000j\000e\000c\000t\000s}{section.98}% 38
\BOOKMARK [2][-]{subsection.102}{\376\377\000.\000N\000E\000T\000\040\000S\000t\000a\000n\000d\000a\000r\000d}{section.98}% 39
\BOOKMARK [1][-]{section.103}{\376\377\000D\000e\000a\000l\000i\000n\000g\000\040\000w\000i\000t\000h\000\040\000M\000u\000l\000t\000i\000p\000l\000e\000\040\000P\000l\000a\000t\000f\000o\000r\000m\000s}{chapter.95}% 40
\BOOKMARK [1][-]{section.104}{\376\377\000P\000r\000a\000c\000t\000i\000c\000a\000l\000\040\000C\000o\000d\000e\000\040\000S\000h\000a\000r\000i\000n\000g\000\040\000S\000t\000r\000a\000t\000e\000g\000i\000e\000s}{chapter.95}% 41
\BOOKMARK [1][-]{section.105}{\376\377\000D\000e\000a\000l\000i\000n\000g\000\040\000w\000i\000t\000h\000\040\000M\000u\000l\000t\000i\000p\000l\000e\000\040\000P\000l\000a\000t\000f\000o\000r\000m\000s}{chapter.95}% 42
\BOOKMARK [1][-]{section.106}{\376\377\000C\000r\000o\000s\000s\000-\000P\000l\000a\000t\000f\000o\000r\000m\000\040\000U\000s\000e\000r\000\040\000I\000n\000t\000e\000r\000f\000a\000c\000e\000s\000\040\000w\000i\000t\000h\000\040\000X\000a\000m\000a\000r\000i\000n\000.\000F\000o\000r\000m\000s}{chapter.95}% 43
\BOOKMARK [2][-]{subsection.107}{\376\377\000e\000X\000t\000e\000n\000s\000i\000b\000l\000e\000\040\000A\000p\000p\000l\000i\000c\000a\000t\000i\000o\000n\000\040\000M\000a\000r\000k\000u\000p\000\040\000L\000a\000n\000g\000u\000a\000g\000e\000\040\000\050\000X\000A\000M\000L\000\051}{section.106}% 44
\BOOKMARK [1][-]{section.108}{\376\377\000T\000e\000s\000t\000i\000n\000g\000\040\000a\000n\000d\000\040\000A\000p\000p\000\040\000S\000t\000o\000r\000e\000\040\000A\000p\000p\000r\000o\000v\000a\000l\000s}{chapter.95}% 45
\BOOKMARK [2][-]{subsection.109}{\376\377\000A\000b\000o\000u\000t\000\040\000t\000h\000i\000s\000\040\000T\000e\000m\000p\000l\000a\000t\000e}{section.108}% 46
\BOOKMARK [0][-]{chapter.110}{\376\377\000I\000n\000t\000r\000o\000d\000u\000c\000t\000i\000o\000n\000\040\000t\000o\000\040\000M\000i\000c\000r\000o\000s\000o\000f\000t\000\040\000a\000z\000u\000r\000e\000\040}{}% 47
\BOOKMARK [1][-]{section.111}{\376\377\000C\000o\000n\000n\000e\000c\000t\000e\000d\000\040\000S\000e\000r\000v\000i\000c\000e\000s\000\040\000i\000n\000\040\000X\000a\000m\000a\000r\000i\000n\000\040\000S\000t\000u\000d\000i\000o}{chapter.110}% 48
\BOOKMARK [1][-]{section.112}{\376\377\000A\000z\000u\000r\000e\000\040\000A\000p\000p\000\040\000S\000e\000r\000v\000i\000c\000e\000s}{chapter.110}% 49
\BOOKMARK [2][-]{subsection.113}{\376\377\000A\000\040\000\050\000n\000o\000t\000\040\000s\000o\000\040\000s\000h\000o\000r\000t\000\051\000\040\000I\000n\000t\000r\000o\000d\000u\000c\000t\000i\000o\000n\000\040\000t\000o\000\040\000L\000a\000T\000e\000X}{section.112}% 50
\BOOKMARK [2][-]{subsection.114}{\376\377\000A\000\040\000S\000h\000o\000r\000t\000\040\000M\000a\000t\000h\000\040\000G\000u\000i\000d\000e\000\040\000f\000o\000r\000\040\000L\000a\000T\000e\000X}{section.112}% 51
\BOOKMARK [2][-]{subsection.115}{\376\377\000C\000o\000m\000m\000o\000n\000\040\000L\000a\000T\000e\000X\000\040\000M\000a\000t\000h\000\040\000S\000y\000m\000b\000o\000l\000s}{section.112}% 52
\BOOKMARK [2][-]{subsection.116}{\376\377\000L\000a\000T\000e\000X\000\040\000o\000n\000\040\000a\000\040\000M\000a\000c}{section.112}% 53
\BOOKMARK [1][-]{section.117}{\376\377\000A\000c\000t\000i\000v\000e\000\040\000D\000i\000r\000e\000c\000t\000o\000r\000y\000\040\000A\000u\000t\000h\000e\000n\000t\000i\000c\000a\000t\000i\000o\000n}{chapter.110}% 54
\BOOKMARK [2][-]{subsection.118}{\376\377\000W\000e\000b\000A\000P\000I}{section.117}% 55
\BOOKMARK [0][-]{chapter.119}{\376\377\000C\000h\000a\000p\000t\000e\000r\000\040\000T\000i\000t\000l\000e\000\040\000H\000e\000r\000e}{}% 56
\BOOKMARK [1][-]{section.120}{\376\377\000W\000e\000l\000c\000o\000m\000e\000\040\000a\000n\000d\000\040\000T\000h\000a\000n\000k\000\040\000Y\000o\000u}{chapter.119}% 57
\BOOKMARK [1][-]{section.121}{\376\377\000L\000e\000a\000r\000n\000i\000n\000g\000\040\000L\000a\000T\000e\000X}{chapter.119}% 58
\BOOKMARK [2][-]{subsection.122}{\376\377\000A\000\040\000\050\000n\000o\000t\000\040\000s\000o\000\040\000s\000h\000o\000r\000t\000\051\000\040\000I\000n\000t\000r\000o\000d\000u\000c\000t\000i\000o\000n\000\040\000t\000o\000\040\000L\000a\000T\000e\000X}{section.121}% 59
\BOOKMARK [0][-]{chapter.123}{\376\377\000C\000h\000a\000p\000t\000e\000r\000\040\000T\000i\000t\000l\000e\000\040\000H\000e\000r\000e}{}% 60
\BOOKMARK [1][-]{section.124}{\376\377\000W\000e\000l\000c\000o\000m\000e\000\040\000a\000n\000d\000\040\000T\000h\000a\000n\000k\000\040\000Y\000o\000u}{chapter.123}% 61
\BOOKMARK [1][-]{section.125}{\376\377\000L\000e\000a\000r\000n\000i\000n\000g\000\040\000L\000a\000T\000e\000X}{chapter.123}% 62
\BOOKMARK [2][-]{subsection.126}{\376\377\000A\000\040\000\050\000n\000o\000t\000\040\000s\000o\000\040\000s\000h\000o\000r\000t\000\051\000\040\000I\000n\000t\000r\000o\000d\000u\000c\000t\000i\000o\000n\000\040\000t\000o\000\040\000L\000a\000T\000e\000X}{section.125}% 63
\BOOKMARK [0][-]{chapter.127}{\376\377\000C\000h\000a\000p\000t\000e\000r\000\040\000T\000i\000t\000l\000e\000\040\000H\000e\000r\000e}{}% 64
\BOOKMARK [1][-]{section.128}{\376\377\000W\000e\000l\000c\000o\000m\000e\000\040\000a\000n\000d\000\040\000T\000h\000a\000n\000k\000\040\000Y\000o\000u}{chapter.127}% 65
\BOOKMARK [1][-]{section.129}{\376\377\000L\000e\000a\000r\000n\000i\000n\000g\000\040\000L\000a\000T\000e\000X}{chapter.127}% 66
\BOOKMARK [2][-]{subsection.130}{\376\377\000A\000\040\000\050\000n\000o\000t\000\040\000s\000o\000\040\000s\000h\000o\000r\000t\000\051\000\040\000I\000n\000t\000r\000o\000d\000u\000c\000t\000i\000o\000n\000\040\000t\000o\000\040\000L\000a\000T\000e\000X}{section.129}% 67
\BOOKMARK [2][-]{subsection.131}{\376\377\000A\000\040\000S\000h\000o\000r\000t\000\040\000M\000a\000t\000h\000\040\000G\000u\000i\000d\000e\000\040\000f\000o\000r\000\040\000L\000a\000T\000e\000X}{section.129}% 68
\BOOKMARK [2][-]{subsection.132}{\376\377\000C\000o\000m\000m\000o\000n\000\040\000L\000a\000T\000e\000X\000\040\000M\000a\000t\000h\000\040\000S\000y\000m\000b\000o\000l\000s}{section.129}% 69
\BOOKMARK [2][-]{subsection.133}{\376\377\000L\000a\000T\000e\000X\000\040\000o\000n\000\040\000a\000\040\000M\000a\000c}{section.129}% 70
\BOOKMARK [0][-]{chapter.134}{\376\377\000C\000h\000a\000p\000t\000e\000r\000\040\000T\000i\000t\000l\000e\000\040\000H\000e\000r\000e}{}% 71
\BOOKMARK [1][-]{section.135}{\376\377\000W\000e\000l\000c\000o\000m\000e\000\040\000a\000n\000d\000\040\000T\000h\000a\000n\000k\000\040\000Y\000o\000u}{chapter.134}% 72
\BOOKMARK [1][-]{section.136}{\376\377\000L\000e\000a\000r\000n\000i\000n\000g\000\040\000L\000a\000T\000e\000X}{chapter.134}% 73
\BOOKMARK [2][-]{subsection.137}{\376\377\000A\000\040\000\050\000n\000o\000t\000\040\000s\000o\000\040\000s\000h\000o\000r\000t\000\051\000\040\000I\000n\000t\000r\000o\000d\000u\000c\000t\000i\000o\000n\000\040\000t\000o\000\040\000L\000a\000T\000e\000X}{section.136}% 74
\BOOKMARK [0][-]{chapter.138}{\376\377\000C\000o\000n\000c\000l\000u\000s\000i\000o\000n}{}% 75
\BOOKMARK [1][-]{section.139}{\376\377\000G\000o\000a\000l\000\040\000F\000u\000l\000f\000i\000l\000m\000e\000n\000t}{chapter.138}% 76
\BOOKMARK [1][-]{section.140}{\376\377\000F\000u\000t\000u\000r\000e\000\040\000W\000o\000r\000k}{chapter.138}% 77
\BOOKMARK [0][-]{appendix.141}{\376\377\000F\000r\000e\000q\000u\000e\000n\000t\000l\000y\000\040\000A\000s\000k\000e\000d\000\040\000Q\000u\000e\000s\000t\000i\000o\000n\000s}{}% 78
\BOOKMARK [1][-]{section.142}{\376\377\000H\000o\000w\000\040\000d\000o\000\040\000I\000\040\000c\000h\000a\000n\000g\000e\000\040\000t\000h\000e\000\040\000c\000o\000l\000o\000r\000s\000\040\000o\000f\000\040\000l\000i\000n\000k\000s\000?}{appendix.141}% 79
\BOOKMARK [0][-]{appendix*.143}{\376\377\000B\000i\000b\000l\000i\000o\000g\000r\000a\000p\000h\000y}{}% 80
